\BOOKMARK [0][-]{chapter.1}{\376\377\000P\000i\000e\000r\000w\000s\000z\000y\000\040\000p\000o\000z\000i\000o\000m\000\040\000N\000u\000m\000e\000r\000a\000c\000j\000i}{}% 1
\BOOKMARK [1][-]{section.1.1}{\376\377\000D\000r\000u\000g\000i\000\040\000p\000o\000z\000i\000o\000m\000\040\000n\000u\000m\000e\000r\000a\000c\000j\000i}{chapter.1}% 2
\BOOKMARK [2][-]{subsection.1.1.1}{\376\377\000T\000r\000z\000e\000c\000i\000\040\000p\000o\000z\000i\000o\000m\000\040\000n\000u\000m\000e\000r\000a\000c\000j\000i}{section.1.1}% 3
\BOOKMARK [0][-]{chapter.2}{\376\377\000I\000n\000n\000y\000\040\000t\000y\000t\000u\001\102\000\040\000d\000o\000\040\000s\000p\000i\000s\000u\000\040\000t\000r\000e\001\133\000c\000i}{}% 4
\BOOKMARK [1][-]{section.2.1}{\376\377\000C\000y\000t\000o\000w\000a\000n\000i\000a}{chapter.2}% 5
\BOOKMARK [1][-]{section.2.2}{\376\377\000W\000y\000p\000u\000n\000k\000t\000o\000w\000a\000n\000i\000a}{chapter.2}% 6
\BOOKMARK [2][-]{subsection.2.2.1}{\376\377\000W\000y\000p\000u\000n\000k\000t\000o\000w\000a\000n\000i\000a\000\040\000m\000i\000e\000s\000z\000a\000n\000e}{section.2.2}% 7
\BOOKMARK [1][-]{section.2.3}{\376\377\000T\000a\000b\000e\000l\000e}{chapter.2}% 8
\BOOKMARK [0][-]{chapter.3}{\376\377\000P\000r\000z\000y\000k\001\102\000a\000d\000o\000w\000y\000\040\000r\000o\000z\000d\000z\000i\000a\001\102}{}% 9
\BOOKMARK [1][-]{section.3.1}{\376\377\000W\000y\000p\000u\000n\000k\000t\000o\000w\000a\000n\000i\000a}{chapter.3}% 10
\BOOKMARK [1][-]{section.3.2}{\376\377\000C\000y\000t\000o\000w\000a\000n\000i\000a}{chapter.3}% 11
\BOOKMARK [1][-]{section.3.3}{\376\377\000T\000a\000b\000e\000l\000e}{chapter.3}% 12
\BOOKMARK [2][-]{subsection.3.3.1}{\376\377\000R\000y\000s\000u\000n\000k\000i}{section.3.3}% 13
\BOOKMARK [1][-]{section.3.4}{\376\377\000L\000i\000s\000t\000i\000n\000g\000i}{chapter.3}% 14
\BOOKMARK [1][-]{section.3.5}{\376\377\000A\000l\000g\000o\000r\000y\000t\000m\000y}{chapter.3}% 15
\BOOKMARK [1][-]{section.3.6}{\376\377\000S\000c\000h\000e\000m\000a\000t\000y}{chapter.3}% 16
\BOOKMARK [1][-]{section.3.7}{\376\377\000P\000o\000d\000s\000u\000m\000o\000w\000a\000n\000i\000e}{chapter.3}% 17
\BOOKMARK [0][-]{chapter.4}{\376\377\000P\000r\000z\000y\000k\001\102\000a\000d\000o\000w\000y\000\040\000r\000o\000z\000d\000z\000i\000a\001\102}{}% 18
\BOOKMARK [1][-]{section.4.1}{\376\377\000W\000y\000p\000u\000n\000k\000t\000o\000w\000a\000n\000i\000a}{chapter.4}% 19
\BOOKMARK [1][-]{section.4.2}{\376\377\000C\000y\000t\000o\000w\000a\000n\000i\000a}{chapter.4}% 20
\BOOKMARK [1][-]{section.4.3}{\376\377\000T\000a\000b\000e\000l\000e}{chapter.4}% 21
\BOOKMARK [2][-]{subsection.4.3.1}{\376\377\000R\000y\000s\000u\000n\000k\000i}{section.4.3}% 22
\BOOKMARK [1][-]{section.4.4}{\376\377\000L\000i\000s\000t\000i\000n\000g\000i}{chapter.4}% 23
\BOOKMARK [1][-]{section.4.5}{\376\377\000A\000l\000g\000o\000r\000y\000t\000m\000y}{chapter.4}% 24
\BOOKMARK [1][-]{section.4.6}{\376\377\000S\000c\000h\000e\000m\000a\000t\000y}{chapter.4}% 25
\BOOKMARK [1][-]{section.4.7}{\376\377\000P\000o\000d\000s\000u\000m\000o\000w\000a\000n\000i\000e}{chapter.4}% 26
\BOOKMARK [0][-]{chapter.5}{\376\377\000P\000r\000z\000y\000k\001\102\000a\000d\000o\000w\000y\000\040\000r\000o\000z\000d\000z\000i\000a\001\102}{}% 27
\BOOKMARK [1][-]{section.5.1}{\376\377\000W\000y\000p\000u\000n\000k\000t\000o\000w\000a\000n\000i\000a}{chapter.5}% 28
\BOOKMARK [1][-]{section.5.2}{\376\377\000C\000y\000t\000o\000w\000a\000n\000i\000a}{chapter.5}% 29
\BOOKMARK [1][-]{section.5.3}{\376\377\000T\000a\000b\000e\000l\000e}{chapter.5}% 30
\BOOKMARK [2][-]{subsection.5.3.1}{\376\377\000R\000y\000s\000u\000n\000k\000i}{section.5.3}% 31
\BOOKMARK [1][-]{section.5.4}{\376\377\000L\000i\000s\000t\000i\000n\000g\000i}{chapter.5}% 32
\BOOKMARK [1][-]{section.5.5}{\376\377\000A\000l\000g\000o\000r\000y\000t\000m\000y}{chapter.5}% 33
\BOOKMARK [1][-]{section.5.6}{\376\377\000S\000c\000h\000e\000m\000a\000t\000y}{chapter.5}% 34
\BOOKMARK [1][-]{section.5.7}{\376\377\000P\000o\000d\000s\000u\000m\000o\000w\000a\000n\000i\000e}{chapter.5}% 35
